<?xml version="1.0" encoding="UTF-8"?>
<!-- Generated by org.testng.reporters.JUnitXMLReporter -->
<testsuite ignored="2" hostname="DESKTOP-IHN8STQ" failures="0" tests="4" name="Test2" time="0.179" errors="0" timestamp="2023-03-28T17:24:52 IST">
  <testcase classname="Test_Practice.Test01" name="test001" time="0.0">
    <skipped/>
  </testcase> <!-- test001 -->
  <testcase classname="Test_Practice.Test01" name="test002" time="0.0">
    <skipped/>
  </testcase> <!-- test002 -->
  <testcase classname="Test_Practice.Test02" name="test03" time="0.0">
    <skipped/>
  </testcase> <!-- test03 -->
  <testcase classname="Test_Practice.Test02" name="test04" time="0.0">
    <skipped/>
  </testcase> <!-- test04 -->
  <testcase classname="com.Travel.TMS_generic_utility.BaseClass" name="@BeforeSuite configBS" time="0.0">
    <ignored/>
  </testcase> <!-- @BeforeSuite configBS -->
  <testcase classname="com.Travel.TMS_generic_utility.BaseClass" name="@AfterSuite configAS" time="0.0">
    <ignored/>
  </testcase> <!-- @AfterSuite configAS -->
</testsuite> <!-- Test2 -->
