<?xml version="1.0" encoding="UTF-8"?>
<testng-results ignored="1" total="2" passed="1" failed="0" skipped="0">
  <reporter-output>
  </reporter-output>
  <suite started-at="2023-04-21T17:07:19 IST" name="Default suite" finished-at="2023-04-21T17:07:19 IST" duration-ms="155">
    <groups>
    </groups>
    <test started-at="2023-04-21T17:07:19 IST" name="Default test" finished-at="2023-04-21T17:07:19 IST" duration-ms="155">
      <class name="AA_Practice1.Test1">
        <test-method signature="t002()[pri:-1, instance:AA_Practice1.Test1@942a29c]" started-at="2023-04-21T17:07:19 IST" name="t002" finished-at="2023-04-21T17:07:19 IST" duration-ms="30" status="PASS">
          <reporter-output>
          </reporter-output>
        </test-method> <!-- t002 -->
      </class> <!-- AA_Practice1.Test1 -->
    </test> <!-- Default test -->
  </suite> <!-- Default suite -->
</testng-results>
