<?xml version="1.0" encoding="UTF-8"?>
<testng-results ignored="0" total="1" passed="1" failed="0" skipped="0">
  <reporter-output>
  </reporter-output>
  <suite started-at="2023-05-23T13:28:03 IST" name="Default suite" finished-at="2023-05-23T13:28:28 IST" duration-ms="24572">
    <groups>
    </groups>
    <test started-at="2023-05-23T13:28:03 IST" name="Default test" finished-at="2023-05-23T13:28:28 IST" duration-ms="24572">
      <class name="Xpath.ICCC111">
        <test-method signature="test001()[pri:0, instance:Xpath.ICCC111@534a5a98]" started-at="2023-05-23T13:28:03 IST" name="test001" finished-at="2023-05-23T13:28:28 IST" duration-ms="24476" status="PASS">
          <reporter-output>
          </reporter-output>
        </test-method> <!-- test001 -->
      </class> <!-- Xpath.ICCC111 -->
    </test> <!-- Default test -->
  </suite> <!-- Default suite -->
</testng-results>
